{"level":"info","message":{"duration":"8ms","ip":"::1","method":"POST","status":404,"timestamp":"2025-12-14T18:31:20.500Z","url":"/api/auth/register","userAgent":"PostmanRuntime/7.49.1","userId":"anonymous"},"timestamp":"2025-12-14T18:31:20.500Z"}
{"level":"info","message":{"duration":"1ms","ip":"::1","method":"POST","status":404,"timestamp":"2025-12-14T18:32:36.428Z","url":"/auth/register","userAgent":"PostmanRuntime/7.49.1","userId":"anonymous"},"timestamp":"2025-12-14T18:32:36.428Z"}
{"level":"info","message":{"duration":"1ms","ip":"::1","method":"POST","status":404,"timestamp":"2025-12-14T18:32:57.159Z","url":"/auth/register","userAgent":"PostmanRuntime/7.49.1","userId":"anonymous"},"timestamp":"2025-12-14T18:32:57.159Z"}
{"level":"info","message":{"duration":"1ms","ip":"::1","method":"POST","status":404,"timestamp":"2025-12-14T18:33:12.691Z","url":"/api/auth/register","userAgent":"PostmanRuntime/7.49.1","userId":"anonymous"},"timestamp":"2025-12-14T18:33:12.691Z"}
{"level":"info","message":{"duration":"1941ms","ip":"::1","method":"POST","status":201,"timestamp":"2025-12-14T18:33:22.574Z","url":"/register","userAgent":"PostmanRuntime/7.49.1","userId":"anonymous"},"timestamp":"2025-12-14T18:33:22.574Z"}
{"level":"info","message":{"duration":"679ms","ip":"::1","method":"POST","status":200,"timestamp":"2025-12-14T18:34:15.341Z","url":"/login","userAgent":"PostmanRuntime/7.49.1","userId":"anonymous"},"timestamp":"2025-12-14T18:34:15.341Z"}
{"level":"info","message":{"duration":"641ms","ip":"::1","method":"POST","status":200,"timestamp":"2025-12-14T18:34:54.023Z","url":"/login","userAgent":"PostmanRuntime/7.49.1","userId":"anonymous"},"timestamp":"2025-12-14T18:34:54.023Z"}
{"level":"info","message":{"duration":"5ms","ip":"::1","method":"POST","status":400,"timestamp":"2025-12-14T18:38:32.191Z","url":"/create","userAgent":"PostmanRuntime/7.49.1","userId":"693f02f003f8ccebd6286697"},"timestamp":"2025-12-14T18:38:32.191Z"}
{"level":"info","message":{"duration":"3ms","ip":"::1","method":"POST","status":400,"timestamp":"2025-12-14T18:39:37.605Z","url":"/create","userAgent":"PostmanRuntime/7.49.1","userId":"693f02f003f8ccebd6286697"},"timestamp":"2025-12-14T18:39:37.605Z"}
{"level":"info","message":{"duration":"13ms","ip":"::1","method":"POST","status":500,"timestamp":"2025-12-14T18:39:56.984Z","url":"/api/v1/events/create","userAgent":"PostmanRuntime/7.49.1","userId":"693f02f003f8ccebd6286697"},"timestamp":"2025-12-14T18:39:56.984Z"}
{"level":"info","message":{"duration":"3ms","ip":"::1","method":"POST","status":400,"timestamp":"2025-12-14T18:42:17.497Z","url":"/create","userAgent":"PostmanRuntime/7.49.1","userId":"693f02f003f8ccebd6286697"},"timestamp":"2025-12-14T18:42:17.497Z"}
{"level":"info","message":{"duration":"9ms","ip":"::1","method":"POST","status":500,"timestamp":"2025-12-14T18:43:05.011Z","url":"/api/v1/events/create","userAgent":"PostmanRuntime/7.49.1","userId":"693f02f003f8ccebd6286697"},"timestamp":"2025-12-14T18:43:05.011Z"}
{"level":"info","message":{"duration":"14ms","ip":"::1","method":"POST","status":400,"timestamp":"2025-12-14T18:46:09.370Z","url":"/create","userAgent":"PostmanRuntime/7.49.1","userId":"693f02f003f8ccebd6286697"},"timestamp":"2025-12-14T18:46:09.370Z"}
{"level":"info","message":{"duration":"2ms","ip":"::1","method":"POST","status":400,"timestamp":"2025-12-14T18:46:17.740Z","url":"/create","userAgent":"PostmanRuntime/7.49.1","userId":"693f02f003f8ccebd6286697"},"timestamp":"2025-12-14T18:46:17.740Z"}
{"level":"info","message":{"duration":"30ms","ip":"::1","method":"POST","status":400,"timestamp":"2025-12-14T18:48:38.081Z","url":"/create","userAgent":"PostmanRuntime/7.49.1","userId":"693f02f003f8ccebd6286697"},"timestamp":"2025-12-14T18:48:38.081Z"}
{"level":"info","message":{"duration":"29ms","ip":"::1","method":"POST","status":500,"timestamp":"2025-12-14T18:48:49.392Z","url":"/api/v1/events/create","userAgent":"PostmanRuntime/7.49.1","userId":"693f02f003f8ccebd6286697"},"timestamp":"2025-12-14T18:48:49.392Z"}
{"level":"info","message":{"duration":"8ms","ip":"::1","method":"POST","status":401,"timestamp":"2025-12-14T18:51:02.334Z","url":"/create","userAgent":"PostmanRuntime/7.49.1","userId":"anonymous"},"timestamp":"2025-12-14T18:51:02.334Z"}
{"level":"info","message":{"duration":"709ms","ip":"::1","method":"POST","status":200,"timestamp":"2025-12-14T18:51:36.291Z","url":"/login","userAgent":"PostmanRuntime/7.49.1","userId":"anonymous"},"timestamp":"2025-12-14T18:51:36.291Z"}
{"level":"info","message":{"duration":"5ms","ip":"::1","method":"POST","status":400,"timestamp":"2025-12-14T18:52:15.785Z","url":"/login","userAgent":"PostmanRuntime/7.49.1","userId":"anonymous"},"timestamp":"2025-12-14T18:52:15.786Z"}
{"level":"info","message":{"duration":"2ms","ip":"::1","method":"POST","status":404,"timestamp":"2025-12-14T18:52:31.801Z","url":"/api/v1/event/create","userAgent":"PostmanRuntime/7.49.1","userId":"anonymous"},"timestamp":"2025-12-14T18:52:31.801Z"}
{"level":"info","message":{"duration":"17ms","ip":"::1","method":"POST","status":400,"timestamp":"2025-12-14T18:52:49.203Z","url":"/create","userAgent":"PostmanRuntime/7.49.1","userId":"693f02f003f8ccebd6286697"},"timestamp":"2025-12-14T18:52:49.203Z"}
{"level":"info","message":{"duration":"17ms","ip":"::1","method":"POST","status":500,"timestamp":"2025-12-14T18:53:00.189Z","url":"/api/v1/events/create","userAgent":"PostmanRuntime/7.49.1","userId":"693f02f003f8ccebd6286697"},"timestamp":"2025-12-14T18:53:00.189Z"}
{"level":"info","message":{"duration":"29ms","ip":"::1","method":"POST","status":400,"timestamp":"2025-12-14T19:01:25.515Z","url":"/create","userAgent":"PostmanRuntime/7.49.1","userId":"693f02f003f8ccebd6286697"},"timestamp":"2025-12-14T19:01:25.515Z"}
{"level":"info","message":{"duration":"1529ms","ip":"::1","method":"POST","status":201,"timestamp":"2025-12-14T19:01:38.761Z","url":"/create","userAgent":"PostmanRuntime/7.49.1","userId":"693f02f003f8ccebd6286697"},"timestamp":"2025-12-14T19:01:38.761Z"}
{"level":"info","message":{"duration":"1ms","ip":"::1","method":"POST","status":401,"timestamp":"2025-12-14T19:10:39.947Z","url":"/publish/693f0991626731b540394105","userAgent":"PostmanRuntime/7.49.1","userId":"anonymous"},"timestamp":"2025-12-14T19:10:39.947Z"}
{"level":"info","message":{"duration":"672ms","ip":"::1","method":"POST","status":200,"timestamp":"2025-12-14T19:11:10.750Z","url":"/login","userAgent":"PostmanRuntime/7.49.1","userId":"anonymous"},"timestamp":"2025-12-14T19:11:10.750Z"}
{"level":"info","message":{"duration":"163ms","ip":"::1","method":"POST","status":200,"timestamp":"2025-12-14T19:11:37.115Z","url":"/publish/693f0991626731b540394105","userAgent":"PostmanRuntime/7.49.1","userId":"693f02f003f8ccebd6286697"},"timestamp":"2025-12-14T19:11:37.115Z"}
{"level":"info","message":{"duration":"82ms","ip":"::1","method":"POST","status":409,"timestamp":"2025-12-14T19:12:50.741Z","url":"/api/v1/checkout","userAgent":"PostmanRuntime/7.49.1","userId":"anonymous"},"timestamp":"2025-12-14T19:12:50.741Z"}
{"level":"info","message":{"duration":"493ms","ip":"::1","method":"POST","status":409,"timestamp":"2025-12-14T19:13:10.284Z","url":"/api/v1/checkout","userAgent":"PostmanRuntime/7.49.1","userId":"anonymous"},"timestamp":"2025-12-14T19:13:10.284Z"}
{"level":"info","message":{"duration":"207ms","ip":"::1","method":"POST","status":409,"timestamp":"2025-12-14T19:13:43.322Z","url":"/api/v1/checkout","userAgent":"PostmanRuntime/7.49.1","userId":"anonymous"},"timestamp":"2025-12-14T19:13:43.322Z"}
{"level":"info","message":{"duration":"80ms","ip":"::1","method":"POST","status":409,"timestamp":"2025-12-14T19:14:05.653Z","url":"/api/v1/checkout","userAgent":"PostmanRuntime/7.49.1","userId":"anonymous"},"timestamp":"2025-12-14T19:14:05.653Z"}
{"level":"info","message":{"duration":"827ms","ip":"::1","method":"POST","status":409,"timestamp":"2025-12-14T19:28:15.068Z","url":"/api/v1/checkout","userAgent":"PostmanRuntime/7.49.1","userId":"anonymous"},"timestamp":"2025-12-14T19:28:15.068Z"}
